<?xml version="1.0" encoding="UTF-8"?>
<!-- Generated by org.testng.reporters.JUnitReportReporter -->
<testsuite skipped="0" hostname="DESKTOP-2AD7C06" name="test.demo4" tests="3" failures="0" timestamp="09 Sep 2020 05:13:30 GMT" time="0.015" errors="0">
  <testcase name="MobileloginHomeLoan" time="0.011" classname="test.demo4"/>
  <testcase name="WebloginHomeLoan" time="0.002" classname="test.demo4"/>
  <testcase name="LoginAPIHomeLoan" time="0.002" classname="test.demo4"/>
</testsuite> <!-- test.demo4 -->
