<?xml version="1.0" encoding="UTF-8"?>
<!-- Generated by org.testng.reporters.JUnitReportReporter -->
<testsuite skipped="1" hostname="DESKTOP-2AD7C06" name="test.demo3" tests="7" failures="0" timestamp="09 Sep 2020 05:13:30 GMT" time="0.058" errors="0">
  <testcase name="MobileloginCarLoan" time="0.004" classname="test.demo3"/>
  <testcase name="MobilesignoutCarLoan" time="0.014" classname="test.demo3"/>
  <testcase name="LoginAPICarLoan" time="0.004" classname="test.demo3"/>
  <testcase name="MobilesignoutCarLoan" time="0.016" classname="test.demo3"/>
  <testcase name="MobilesignoutCarLoan" time="0.005" classname="test.demo3"/>
  <testcase name="WebloginCarLoan" time="0.015" classname="test.demo3"/>
  <testcase name="MobilesigninCarLoan" classname="test.demo3">
    <skipped/>
  </testcase> <!-- MobilesigninCarLoan -->
</testsuite> <!-- test.demo3 -->
