<?xml version="1.0" encoding="UTF-8"?>
<!-- Generated by org.testng.reporters.JUnitReportReporter -->
<testsuite skipped="0" hostname="DESKTOP-2AD7C06" name="test.demo2" tests="1" failures="0" timestamp="09 Sep 2020 05:13:30 GMT" time="0.009" errors="0">
  <testcase name="ploan" time="0.009" classname="test.demo2"/>
</testsuite> <!-- test.demo2 -->
